// 重构日志: 4179e679
// 同步 ID: c637d034 @ Wed Jul  1 22:42:44 UTC 2026
// 同步 ID: bd6d67cf @ Thu Jul  2 10:47:45 UTC 2026
// 同步 ID: f226cad8 @ Fri Jul  3 00:19:46 UTC 2026
// 重构日志: 29ee986a
// 重构日志: dd57a7a7
// 重构日志: 33b6f626
// 重构日志: c0475d80
// 重构日志: 848dcce3
// 同步 ID: 02ea57b0 @ Mon Jul  6 18:09:55 UTC 2026
// 同步 ID: 789c7342 @ Mon Jul  6 21:40:46 UTC 2026
// 重构日志: bebc2817
// 重构日志: fce0f1ab
// 重构日志: 17465481
// 同步 ID: 94975096 @ Thu Jul  9 23:45:57 UTC 2026
// 重构日志: 270f3817
// 重构日志: 7218a1ca
// 重构日志: 99dd730f
// 重构日志: 68d952e2
// 重构日志: 3357fb27
// 同步 ID: 4538ea75 @ Mon Jul 13 09:10:47 UTC 2026
// 重构日志: a3ddda58
// 重构日志: 6000684f
// 重构日志: d2eda306
// 重构日志: ce8855d0
// 重构日志: 477a3487
// 重构日志: fc879775
// 同步 ID: 221d8c38 @ Wed Jul 15 17:24:01 UTC 2026
// 重构日志: 84ea31b4
// 同步 ID: 738e75b0 @ Thu Jul 16 16:04:15 UTC 2026
// 重构日志: dbc4b403
// 重构日志: f61e2172
